2015/09/04 13:18:44 [error] [php] Use of undefined constant l - assumed 'l' (D:\wamp\www\yii\study\protected\controllers\SiteController.php:6)
Stack trace:
#0 D:\wamp\www\yii\framework\web\CWebApplication.php(141): CWebApplication->runController()
#1 D:\wamp\www\yii\framework\base\CApplication.php(184): CWebApplication->processRequest()
#2 D:\wamp\www\yii\study\index.php(13): CWebApplication->run()
REQUEST_URI=/
in D:\wamp\www\yii\study\protected\controllers\SiteController.php (6)
in D:\wamp\www\yii\study\index.php (13)
2015/09/04 13:19:56 [error] [exception.CException] exception 'CException' with message 'Property "SiteController.on" is not defined.' in D:\wamp\www\yii\framework\base\CComponent.php:173
Stack trace:
#0 D:\wamp\www\yii\study\protected\controllers\SiteController.php(6): CComponent->__set('on', '1')
#1 D:\wamp\www\yii\framework\web\CWebApplication.php(359): SiteController->__construct('site', NULL)
#2 D:\wamp\www\yii\framework\web\CWebApplication.php(276): CWebApplication->createController('')
#3 D:\wamp\www\yii\framework\web\CWebApplication.php(141): CWebApplication->runController('')
#4 D:\wamp\www\yii\framework\base\CApplication.php(184): CWebApplication->processRequest()
#5 D:\wamp\www\yii\study\index.php(13): CApplication->run()
#6 {main}
REQUEST_URI=/
---
2015/09/04 13:50:54 [error] [exception.CException] exception 'CException' with message 'Property "SiteController.on" is not defined.' in D:\wamp\www\yii\framework\base\CComponent.php:173
Stack trace:
#0 D:\wamp\www\yii\study\protected\controllers\SiteController.php(6): CComponent->__set('on', '1')
#1 D:\wamp\www\yii\framework\web\CWebApplication.php(359): SiteController->__construct('site', NULL)
#2 D:\wamp\www\yii\framework\web\CWebApplication.php(276): CWebApplication->createController('')
#3 D:\wamp\www\yii\framework\web\CWebApplication.php(141): CWebApplication->runController('')
#4 D:\wamp\www\yii\framework\base\CApplication.php(184): CWebApplication->processRequest()
#5 D:\wamp\www\yii\study\index.php(13): CApplication->run()
#6 {main}
REQUEST_URI=/
---
2015/09/04 14:40:37 [error] [php] Undefined offset: 101 (D:\wamp\www\yii\study\protected\controllers\SiteController.php:59)
Stack trace:
#0 D:\wamp\www\yii\framework\web\CController.php(308): CInlineAction->runWithParams()
#1 D:\wamp\www\yii\framework\web\CController.php(286): SiteController->runAction()
#2 D:\wamp\www\yii\framework\web\CController.php(265): SiteController->runActionWithFilters()
#3 D:\wamp\www\yii\framework\web\CWebApplication.php(282): SiteController->run()
#4 D:\wamp\www\yii\framework\web\CWebApplication.php(141): CWebApplication->runController()
#5 D:\wamp\www\yii\framework\base\CApplication.php(184): CWebApplication->processRequest()
#6 D:\wamp\www\yii\study\index.php(13): CWebApplication->run()
REQUEST_URI=/
in D:\wamp\www\yii\study\protected\controllers\SiteController.php (59)
in D:\wamp\www\yii\study\protected\controllers\SiteController.php (31)
in D:\wamp\www\yii\study\index.php (13)
2015/09/04 14:41:36 [error] [php] Undefined offset: 101 (D:\wamp\www\yii\study\protected\controllers\SiteController.php:62)
Stack trace:
#0 D:\wamp\www\yii\framework\web\CController.php(308): CInlineAction->runWithParams()
#1 D:\wamp\www\yii\framework\web\CController.php(286): SiteController->runAction()
#2 D:\wamp\www\yii\framework\web\CController.php(265): SiteController->runActionWithFilters()
#3 D:\wamp\www\yii\framework\web\CWebApplication.php(282): SiteController->run()
#4 D:\wamp\www\yii\framework\web\CWebApplication.php(141): CWebApplication->runController()
#5 D:\wamp\www\yii\framework\base\CApplication.php(184): CWebApplication->processRequest()
#6 D:\wamp\www\yii\study\index.php(13): CWebApplication->run()
REQUEST_URI=/
in D:\wamp\www\yii\study\protected\controllers\SiteController.php (62)
in D:\wamp\www\yii\study\protected\controllers\SiteController.php (31)
in D:\wamp\www\yii\study\index.php (13)
2015/09/04 14:41:38 [error] [php] Undefined offset: 101 (D:\wamp\www\yii\study\protected\controllers\SiteController.php:62)
Stack trace:
#0 D:\wamp\www\yii\framework\web\CController.php(308): CInlineAction->runWithParams()
#1 D:\wamp\www\yii\framework\web\CController.php(286): SiteController->runAction()
#2 D:\wamp\www\yii\framework\web\CController.php(265): SiteController->runActionWithFilters()
#3 D:\wamp\www\yii\framework\web\CWebApplication.php(282): SiteController->run()
#4 D:\wamp\www\yii\framework\web\CWebApplication.php(141): CWebApplication->runController()
#5 D:\wamp\www\yii\framework\base\CApplication.php(184): CWebApplication->processRequest()
#6 D:\wamp\www\yii\study\index.php(13): CWebApplication->run()
REQUEST_URI=/
in D:\wamp\www\yii\study\protected\controllers\SiteController.php (62)
in D:\wamp\www\yii\study\protected\controllers\SiteController.php (31)
in D:\wamp\www\yii\study\index.php (13)
2015/09/04 14:41:38 [error] [php] Undefined offset: 101 (D:\wamp\www\yii\study\protected\controllers\SiteController.php:62)
Stack trace:
#0 D:\wamp\www\yii\framework\web\CController.php(308): CInlineAction->runWithParams()
#1 D:\wamp\www\yii\framework\web\CController.php(286): SiteController->runAction()
#2 D:\wamp\www\yii\framework\web\CController.php(265): SiteController->runActionWithFilters()
#3 D:\wamp\www\yii\framework\web\CWebApplication.php(282): SiteController->run()
#4 D:\wamp\www\yii\framework\web\CWebApplication.php(141): CWebApplication->runController()
#5 D:\wamp\www\yii\framework\base\CApplication.php(184): CWebApplication->processRequest()
#6 D:\wamp\www\yii\study\index.php(13): CWebApplication->run()
REQUEST_URI=/
in D:\wamp\www\yii\study\protected\controllers\SiteController.php (62)
in D:\wamp\www\yii\study\protected\controllers\SiteController.php (31)
in D:\wamp\www\yii\study\index.php (13)
2015/09/04 14:41:38 [error] [php] Undefined offset: 101 (D:\wamp\www\yii\study\protected\controllers\SiteController.php:62)
Stack trace:
#0 D:\wamp\www\yii\framework\web\CController.php(308): CInlineAction->runWithParams()
#1 D:\wamp\www\yii\framework\web\CController.php(286): SiteController->runAction()
#2 D:\wamp\www\yii\framework\web\CController.php(265): SiteController->runActionWithFilters()
#3 D:\wamp\www\yii\framework\web\CWebApplication.php(282): SiteController->run()
#4 D:\wamp\www\yii\framework\web\CWebApplication.php(141): CWebApplication->runController()
#5 D:\wamp\www\yii\framework\base\CApplication.php(184): CWebApplication->processRequest()
#6 D:\wamp\www\yii\study\index.php(13): CWebApplication->run()
REQUEST_URI=/
in D:\wamp\www\yii\study\protected\controllers\SiteController.php (62)
in D:\wamp\www\yii\study\protected\controllers\SiteController.php (31)
in D:\wamp\www\yii\study\index.php (13)
2015/09/04 14:44:33 [error] [php] Undefined offset: 101 (D:\wamp\www\yii\study\protected\controllers\SiteController.php:63)
Stack trace:
#0 D:\wamp\www\yii\framework\web\CController.php(308): CInlineAction->runWithParams()
#1 D:\wamp\www\yii\framework\web\CController.php(286): SiteController->runAction()
#2 D:\wamp\www\yii\framework\web\CController.php(265): SiteController->runActionWithFilters()
#3 D:\wamp\www\yii\framework\web\CWebApplication.php(282): SiteController->run()
#4 D:\wamp\www\yii\framework\web\CWebApplication.php(141): CWebApplication->runController()
#5 D:\wamp\www\yii\framework\base\CApplication.php(184): CWebApplication->processRequest()
#6 D:\wamp\www\yii\study\index.php(13): CWebApplication->run()
REQUEST_URI=/
in D:\wamp\www\yii\study\protected\controllers\SiteController.php (63)
in D:\wamp\www\yii\study\protected\controllers\SiteController.php (31)
in D:\wamp\www\yii\study\index.php (13)
2015/09/04 14:44:52 [error] [php] Undefined offset: 101 (D:\wamp\www\yii\study\protected\controllers\SiteController.php:63)
Stack trace:
#0 D:\wamp\www\yii\framework\web\CController.php(308): CInlineAction->runWithParams()
#1 D:\wamp\www\yii\framework\web\CController.php(286): SiteController->runAction()
#2 D:\wamp\www\yii\framework\web\CController.php(265): SiteController->runActionWithFilters()
#3 D:\wamp\www\yii\framework\web\CWebApplication.php(282): SiteController->run()
#4 D:\wamp\www\yii\framework\web\CWebApplication.php(141): CWebApplication->runController()
#5 D:\wamp\www\yii\framework\base\CApplication.php(184): CWebApplication->processRequest()
#6 D:\wamp\www\yii\study\index.php(13): CWebApplication->run()
REQUEST_URI=/
in D:\wamp\www\yii\study\protected\controllers\SiteController.php (63)
in D:\wamp\www\yii\study\protected\controllers\SiteController.php (31)
in D:\wamp\www\yii\study\index.php (13)
2015/09/04 14:44:52 [error] [php] Undefined offset: 101 (D:\wamp\www\yii\study\protected\controllers\SiteController.php:63)
Stack trace:
#0 D:\wamp\www\yii\framework\web\CController.php(308): CInlineAction->runWithParams()
#1 D:\wamp\www\yii\framework\web\CController.php(286): SiteController->runAction()
#2 D:\wamp\www\yii\framework\web\CController.php(265): SiteController->runActionWithFilters()
#3 D:\wamp\www\yii\framework\web\CWebApplication.php(282): SiteController->run()
#4 D:\wamp\www\yii\framework\web\CWebApplication.php(141): CWebApplication->runController()
#5 D:\wamp\www\yii\framework\base\CApplication.php(184): CWebApplication->processRequest()
#6 D:\wamp\www\yii\study\index.php(13): CWebApplication->run()
REQUEST_URI=/
in D:\wamp\www\yii\study\protected\controllers\SiteController.php (63)
in D:\wamp\www\yii\study\protected\controllers\SiteController.php (31)
in D:\wamp\www\yii\study\index.php (13)
2015/09/04 14:44:53 [error] [php] Undefined offset: 101 (D:\wamp\www\yii\study\protected\controllers\SiteController.php:63)
Stack trace:
#0 D:\wamp\www\yii\framework\web\CController.php(308): CInlineAction->runWithParams()
#1 D:\wamp\www\yii\framework\web\CController.php(286): SiteController->runAction()
#2 D:\wamp\www\yii\framework\web\CController.php(265): SiteController->runActionWithFilters()
#3 D:\wamp\www\yii\framework\web\CWebApplication.php(282): SiteController->run()
#4 D:\wamp\www\yii\framework\web\CWebApplication.php(141): CWebApplication->runController()
#5 D:\wamp\www\yii\framework\base\CApplication.php(184): CWebApplication->processRequest()
#6 D:\wamp\www\yii\study\index.php(13): CWebApplication->run()
REQUEST_URI=/
in D:\wamp\www\yii\study\protected\controllers\SiteController.php (63)
in D:\wamp\www\yii\study\protected\controllers\SiteController.php (31)
in D:\wamp\www\yii\study\index.php (13)
2015/09/04 14:49:42 [error] [php] Illegal offset type (D:\wamp\www\yii\study\protected\controllers\SiteController.php:69)
Stack trace:
#0 D:\wamp\www\yii\framework\web\CController.php(308): CInlineAction->runWithParams()
#1 D:\wamp\www\yii\framework\web\CController.php(286): SiteController->runAction()
#2 D:\wamp\www\yii\framework\web\CController.php(265): SiteController->runActionWithFilters()
#3 D:\wamp\www\yii\framework\web\CWebApplication.php(282): SiteController->run()
#4 D:\wamp\www\yii\framework\web\CWebApplication.php(141): CWebApplication->runController()
#5 D:\wamp\www\yii\framework\base\CApplication.php(184): CWebApplication->processRequest()
#6 D:\wamp\www\yii\study\index.php(13): CWebApplication->run()
REQUEST_URI=/
in D:\wamp\www\yii\study\protected\controllers\SiteController.php (69)
in D:\wamp\www\yii\study\protected\controllers\SiteController.php (31)
in D:\wamp\www\yii\study\index.php (13)
2015/09/04 14:49:43 [error] [php] Illegal offset type (D:\wamp\www\yii\study\protected\controllers\SiteController.php:69)
Stack trace:
#0 D:\wamp\www\yii\framework\web\CController.php(308): CInlineAction->runWithParams()
#1 D:\wamp\www\yii\framework\web\CController.php(286): SiteController->runAction()
#2 D:\wamp\www\yii\framework\web\CController.php(265): SiteController->runActionWithFilters()
#3 D:\wamp\www\yii\framework\web\CWebApplication.php(282): SiteController->run()
#4 D:\wamp\www\yii\framework\web\CWebApplication.php(141): CWebApplication->runController()
#5 D:\wamp\www\yii\framework\base\CApplication.php(184): CWebApplication->processRequest()
#6 D:\wamp\www\yii\study\index.php(13): CWebApplication->run()
REQUEST_URI=/
in D:\wamp\www\yii\study\protected\controllers\SiteController.php (69)
in D:\wamp\www\yii\study\protected\controllers\SiteController.php (31)
in D:\wamp\www\yii\study\index.php (13)
2015/09/04 14:49:43 [error] [php] Illegal offset type (D:\wamp\www\yii\study\protected\controllers\SiteController.php:69)
Stack trace:
#0 D:\wamp\www\yii\framework\web\CController.php(308): CInlineAction->runWithParams()
#1 D:\wamp\www\yii\framework\web\CController.php(286): SiteController->runAction()
#2 D:\wamp\www\yii\framework\web\CController.php(265): SiteController->runActionWithFilters()
#3 D:\wamp\www\yii\framework\web\CWebApplication.php(282): SiteController->run()
#4 D:\wamp\www\yii\framework\web\CWebApplication.php(141): CWebApplication->runController()
#5 D:\wamp\www\yii\framework\base\CApplication.php(184): CWebApplication->processRequest()
#6 D:\wamp\www\yii\study\index.php(13): CWebApplication->run()
REQUEST_URI=/
in D:\wamp\www\yii\study\protected\controllers\SiteController.php (69)
in D:\wamp\www\yii\study\protected\controllers\SiteController.php (31)
in D:\wamp\www\yii\study\index.php (13)
2015/09/04 14:49:43 [error] [php] Illegal offset type (D:\wamp\www\yii\study\protected\controllers\SiteController.php:69)
Stack trace:
#0 D:\wamp\www\yii\framework\web\CController.php(308): CInlineAction->runWithParams()
#1 D:\wamp\www\yii\framework\web\CController.php(286): SiteController->runAction()
#2 D:\wamp\www\yii\framework\web\CController.php(265): SiteController->runActionWithFilters()
#3 D:\wamp\www\yii\framework\web\CWebApplication.php(282): SiteController->run()
#4 D:\wamp\www\yii\framework\web\CWebApplication.php(141): CWebApplication->runController()
#5 D:\wamp\www\yii\framework\base\CApplication.php(184): CWebApplication->processRequest()
#6 D:\wamp\www\yii\study\index.php(13): CWebApplication->run()
REQUEST_URI=/
in D:\wamp\www\yii\study\protected\controllers\SiteController.php (69)
in D:\wamp\www\yii\study\protected\controllers\SiteController.php (31)
in D:\wamp\www\yii\study\index.php (13)
2015/09/04 14:50:07 [error] [php] Illegal offset type (D:\wamp\www\yii\study\protected\controllers\SiteController.php:69)
Stack trace:
#0 D:\wamp\www\yii\framework\web\CController.php(308): CInlineAction->runWithParams()
#1 D:\wamp\www\yii\framework\web\CController.php(286): SiteController->runAction()
#2 D:\wamp\www\yii\framework\web\CController.php(265): SiteController->runActionWithFilters()
#3 D:\wamp\www\yii\framework\web\CWebApplication.php(282): SiteController->run()
#4 D:\wamp\www\yii\framework\web\CWebApplication.php(141): CWebApplication->runController()
#5 D:\wamp\www\yii\framework\base\CApplication.php(184): CWebApplication->processRequest()
#6 D:\wamp\www\yii\study\index.php(13): CWebApplication->run()
REQUEST_URI=/
in D:\wamp\www\yii\study\protected\controllers\SiteController.php (69)
in D:\wamp\www\yii\study\protected\controllers\SiteController.php (31)
in D:\wamp\www\yii\study\index.php (13)
2015/09/04 14:50:08 [error] [php] Illegal offset type (D:\wamp\www\yii\study\protected\controllers\SiteController.php:69)
Stack trace:
#0 D:\wamp\www\yii\framework\web\CController.php(308): CInlineAction->runWithParams()
#1 D:\wamp\www\yii\framework\web\CController.php(286): SiteController->runAction()
#2 D:\wamp\www\yii\framework\web\CController.php(265): SiteController->runActionWithFilters()
#3 D:\wamp\www\yii\framework\web\CWebApplication.php(282): SiteController->run()
#4 D:\wamp\www\yii\framework\web\CWebApplication.php(141): CWebApplication->runController()
#5 D:\wamp\www\yii\framework\base\CApplication.php(184): CWebApplication->processRequest()
#6 D:\wamp\www\yii\study\index.php(13): CWebApplication->run()
REQUEST_URI=/
in D:\wamp\www\yii\study\protected\controllers\SiteController.php (69)
in D:\wamp\www\yii\study\protected\controllers\SiteController.php (31)
in D:\wamp\www\yii\study\index.php (13)
2015/09/04 14:50:08 [error] [php] Illegal offset type (D:\wamp\www\yii\study\protected\controllers\SiteController.php:69)
Stack trace:
#0 D:\wamp\www\yii\framework\web\CController.php(308): CInlineAction->runWithParams()
#1 D:\wamp\www\yii\framework\web\CController.php(286): SiteController->runAction()
#2 D:\wamp\www\yii\framework\web\CController.php(265): SiteController->runActionWithFilters()
#3 D:\wamp\www\yii\framework\web\CWebApplication.php(282): SiteController->run()
#4 D:\wamp\www\yii\framework\web\CWebApplication.php(141): CWebApplication->runController()
#5 D:\wamp\www\yii\framework\base\CApplication.php(184): CWebApplication->processRequest()
#6 D:\wamp\www\yii\study\index.php(13): CWebApplication->run()
REQUEST_URI=/
in D:\wamp\www\yii\study\protected\controllers\SiteController.php (69)
in D:\wamp\www\yii\study\protected\controllers\SiteController.php (31)
in D:\wamp\www\yii\study\index.php (13)
2015/09/04 14:50:37 [error] [php] Illegal offset type (D:\wamp\www\yii\study\protected\controllers\SiteController.php:69)
Stack trace:
#0 D:\wamp\www\yii\framework\web\CController.php(308): CInlineAction->runWithParams()
#1 D:\wamp\www\yii\framework\web\CController.php(286): SiteController->runAction()
#2 D:\wamp\www\yii\framework\web\CController.php(265): SiteController->runActionWithFilters()
#3 D:\wamp\www\yii\framework\web\CWebApplication.php(282): SiteController->run()
#4 D:\wamp\www\yii\framework\web\CWebApplication.php(141): CWebApplication->runController()
#5 D:\wamp\www\yii\framework\base\CApplication.php(184): CWebApplication->processRequest()
#6 D:\wamp\www\yii\study\index.php(13): CWebApplication->run()
REQUEST_URI=/
in D:\wamp\www\yii\study\protected\controllers\SiteController.php (69)
in D:\wamp\www\yii\study\protected\controllers\SiteController.php (31)
in D:\wamp\www\yii\study\index.php (13)
2015/09/04 14:50:38 [error] [php] Illegal offset type (D:\wamp\www\yii\study\protected\controllers\SiteController.php:69)
Stack trace:
#0 D:\wamp\www\yii\framework\web\CController.php(308): CInlineAction->runWithParams()
#1 D:\wamp\www\yii\framework\web\CController.php(286): SiteController->runAction()
#2 D:\wamp\www\yii\framework\web\CController.php(265): SiteController->runActionWithFilters()
#3 D:\wamp\www\yii\framework\web\CWebApplication.php(282): SiteController->run()
#4 D:\wamp\www\yii\framework\web\CWebApplication.php(141): CWebApplication->runController()
#5 D:\wamp\www\yii\framework\base\CApplication.php(184): CWebApplication->processRequest()
#6 D:\wamp\www\yii\study\index.php(13): CWebApplication->run()
REQUEST_URI=/
in D:\wamp\www\yii\study\protected\controllers\SiteController.php (69)
in D:\wamp\www\yii\study\protected\controllers\SiteController.php (31)
in D:\wamp\www\yii\study\index.php (13)
2015/09/04 14:50:38 [error] [php] Illegal offset type (D:\wamp\www\yii\study\protected\controllers\SiteController.php:69)
Stack trace:
#0 D:\wamp\www\yii\framework\web\CController.php(308): CInlineAction->runWithParams()
#1 D:\wamp\www\yii\framework\web\CController.php(286): SiteController->runAction()
#2 D:\wamp\www\yii\framework\web\CController.php(265): SiteController->runActionWithFilters()
#3 D:\wamp\www\yii\framework\web\CWebApplication.php(282): SiteController->run()
#4 D:\wamp\www\yii\framework\web\CWebApplication.php(141): CWebApplication->runController()
#5 D:\wamp\www\yii\framework\base\CApplication.php(184): CWebApplication->processRequest()
#6 D:\wamp\www\yii\study\index.php(13): CWebApplication->run()
REQUEST_URI=/
in D:\wamp\www\yii\study\protected\controllers\SiteController.php (69)
in D:\wamp\www\yii\study\protected\controllers\SiteController.php (31)
in D:\wamp\www\yii\study\index.php (13)
2015/09/04 14:50:38 [error] [php] Illegal offset type (D:\wamp\www\yii\study\protected\controllers\SiteController.php:69)
Stack trace:
#0 D:\wamp\www\yii\framework\web\CController.php(308): CInlineAction->runWithParams()
#1 D:\wamp\www\yii\framework\web\CController.php(286): SiteController->runAction()
#2 D:\wamp\www\yii\framework\web\CController.php(265): SiteController->runActionWithFilters()
#3 D:\wamp\www\yii\framework\web\CWebApplication.php(282): SiteController->run()
#4 D:\wamp\www\yii\framework\web\CWebApplication.php(141): CWebApplication->runController()
#5 D:\wamp\www\yii\framework\base\CApplication.php(184): CWebApplication->processRequest()
#6 D:\wamp\www\yii\study\index.php(13): CWebApplication->run()
REQUEST_URI=/
in D:\wamp\www\yii\study\protected\controllers\SiteController.php (69)
in D:\wamp\www\yii\study\protected\controllers\SiteController.php (31)
in D:\wamp\www\yii\study\index.php (13)
2015/09/04 14:51:01 [error] [php] Illegal offset type (D:\wamp\www\yii\study\protected\controllers\SiteController.php:69)
Stack trace:
#0 D:\wamp\www\yii\framework\web\CController.php(308): CInlineAction->runWithParams()
#1 D:\wamp\www\yii\framework\web\CController.php(286): SiteController->runAction()
#2 D:\wamp\www\yii\framework\web\CController.php(265): SiteController->runActionWithFilters()
#3 D:\wamp\www\yii\framework\web\CWebApplication.php(282): SiteController->run()
#4 D:\wamp\www\yii\framework\web\CWebApplication.php(141): CWebApplication->runController()
#5 D:\wamp\www\yii\framework\base\CApplication.php(184): CWebApplication->processRequest()
#6 D:\wamp\www\yii\study\index.php(13): CWebApplication->run()
REQUEST_URI=/
in D:\wamp\www\yii\study\protected\controllers\SiteController.php (69)
in D:\wamp\www\yii\study\protected\controllers\SiteController.php (31)
in D:\wamp\www\yii\study\index.php (13)
2015/09/04 14:51:02 [error] [php] Illegal offset type (D:\wamp\www\yii\study\protected\controllers\SiteController.php:69)
Stack trace:
#0 D:\wamp\www\yii\framework\web\CController.php(308): CInlineAction->runWithParams()
#1 D:\wamp\www\yii\framework\web\CController.php(286): SiteController->runAction()
#2 D:\wamp\www\yii\framework\web\CController.php(265): SiteController->runActionWithFilters()
#3 D:\wamp\www\yii\framework\web\CWebApplication.php(282): SiteController->run()
#4 D:\wamp\www\yii\framework\web\CWebApplication.php(141): CWebApplication->runController()
#5 D:\wamp\www\yii\framework\base\CApplication.php(184): CWebApplication->processRequest()
#6 D:\wamp\www\yii\study\index.php(13): CWebApplication->run()
REQUEST_URI=/
in D:\wamp\www\yii\study\protected\controllers\SiteController.php (69)
in D:\wamp\www\yii\study\protected\controllers\SiteController.php (31)
in D:\wamp\www\yii\study\index.php (13)
2015/09/04 14:51:02 [error] [php] Illegal offset type (D:\wamp\www\yii\study\protected\controllers\SiteController.php:69)
Stack trace:
#0 D:\wamp\www\yii\framework\web\CController.php(308): CInlineAction->runWithParams()
#1 D:\wamp\www\yii\framework\web\CController.php(286): SiteController->runAction()
#2 D:\wamp\www\yii\framework\web\CController.php(265): SiteController->runActionWithFilters()
#3 D:\wamp\www\yii\framework\web\CWebApplication.php(282): SiteController->run()
#4 D:\wamp\www\yii\framework\web\CWebApplication.php(141): CWebApplication->runController()
#5 D:\wamp\www\yii\framework\base\CApplication.php(184): CWebApplication->processRequest()
#6 D:\wamp\www\yii\study\index.php(13): CWebApplication->run()
REQUEST_URI=/
in D:\wamp\www\yii\study\protected\controllers\SiteController.php (69)
in D:\wamp\www\yii\study\protected\controllers\SiteController.php (31)
in D:\wamp\www\yii\study\index.php (13)
2015/09/04 14:51:02 [error] [php] Illegal offset type (D:\wamp\www\yii\study\protected\controllers\SiteController.php:69)
Stack trace:
#0 D:\wamp\www\yii\framework\web\CController.php(308): CInlineAction->runWithParams()
#1 D:\wamp\www\yii\framework\web\CController.php(286): SiteController->runAction()
#2 D:\wamp\www\yii\framework\web\CController.php(265): SiteController->runActionWithFilters()
#3 D:\wamp\www\yii\framework\web\CWebApplication.php(282): SiteController->run()
#4 D:\wamp\www\yii\framework\web\CWebApplication.php(141): CWebApplication->runController()
#5 D:\wamp\www\yii\framework\base\CApplication.php(184): CWebApplication->processRequest()
#6 D:\wamp\www\yii\study\index.php(13): CWebApplication->run()
REQUEST_URI=/
in D:\wamp\www\yii\study\protected\controllers\SiteController.php (69)
in D:\wamp\www\yii\study\protected\controllers\SiteController.php (31)
in D:\wamp\www\yii\study\index.php (13)
2015/09/04 14:51:03 [error] [php] Illegal offset type (D:\wamp\www\yii\study\protected\controllers\SiteController.php:69)
Stack trace:
#0 D:\wamp\www\yii\framework\web\CController.php(308): CInlineAction->runWithParams()
#1 D:\wamp\www\yii\framework\web\CController.php(286): SiteController->runAction()
#2 D:\wamp\www\yii\framework\web\CController.php(265): SiteController->runActionWithFilters()
#3 D:\wamp\www\yii\framework\web\CWebApplication.php(282): SiteController->run()
#4 D:\wamp\www\yii\framework\web\CWebApplication.php(141): CWebApplication->runController()
#5 D:\wamp\www\yii\framework\base\CApplication.php(184): CWebApplication->processRequest()
#6 D:\wamp\www\yii\study\index.php(13): CWebApplication->run()
REQUEST_URI=/
in D:\wamp\www\yii\study\protected\controllers\SiteController.php (69)
in D:\wamp\www\yii\study\protected\controllers\SiteController.php (31)
in D:\wamp\www\yii\study\index.php (13)
2015/09/04 14:51:03 [error] [php] Illegal offset type (D:\wamp\www\yii\study\protected\controllers\SiteController.php:69)
Stack trace:
#0 D:\wamp\www\yii\framework\web\CController.php(308): CInlineAction->runWithParams()
#1 D:\wamp\www\yii\framework\web\CController.php(286): SiteController->runAction()
#2 D:\wamp\www\yii\framework\web\CController.php(265): SiteController->runActionWithFilters()
#3 D:\wamp\www\yii\framework\web\CWebApplication.php(282): SiteController->run()
#4 D:\wamp\www\yii\framework\web\CWebApplication.php(141): CWebApplication->runController()
#5 D:\wamp\www\yii\framework\base\CApplication.php(184): CWebApplication->processRequest()
#6 D:\wamp\www\yii\study\index.php(13): CWebApplication->run()
REQUEST_URI=/
in D:\wamp\www\yii\study\protected\controllers\SiteController.php (69)
in D:\wamp\www\yii\study\protected\controllers\SiteController.php (31)
in D:\wamp\www\yii\study\index.php (13)
2015/09/04 14:51:03 [error] [php] Illegal offset type (D:\wamp\www\yii\study\protected\controllers\SiteController.php:69)
Stack trace:
#0 D:\wamp\www\yii\framework\web\CController.php(308): CInlineAction->runWithParams()
#1 D:\wamp\www\yii\framework\web\CController.php(286): SiteController->runAction()
#2 D:\wamp\www\yii\framework\web\CController.php(265): SiteController->runActionWithFilters()
#3 D:\wamp\www\yii\framework\web\CWebApplication.php(282): SiteController->run()
#4 D:\wamp\www\yii\framework\web\CWebApplication.php(141): CWebApplication->runController()
#5 D:\wamp\www\yii\framework\base\CApplication.php(184): CWebApplication->processRequest()
#6 D:\wamp\www\yii\study\index.php(13): CWebApplication->run()
REQUEST_URI=/
in D:\wamp\www\yii\study\protected\controllers\SiteController.php (69)
in D:\wamp\www\yii\study\protected\controllers\SiteController.php (31)
in D:\wamp\www\yii\study\index.php (13)
2015/09/04 14:51:03 [error] [php] Illegal offset type (D:\wamp\www\yii\study\protected\controllers\SiteController.php:69)
Stack trace:
#0 D:\wamp\www\yii\framework\web\CController.php(308): CInlineAction->runWithParams()
#1 D:\wamp\www\yii\framework\web\CController.php(286): SiteController->runAction()
#2 D:\wamp\www\yii\framework\web\CController.php(265): SiteController->runActionWithFilters()
#3 D:\wamp\www\yii\framework\web\CWebApplication.php(282): SiteController->run()
#4 D:\wamp\www\yii\framework\web\CWebApplication.php(141): CWebApplication->runController()
#5 D:\wamp\www\yii\framework\base\CApplication.php(184): CWebApplication->processRequest()
#6 D:\wamp\www\yii\study\index.php(13): CWebApplication->run()
REQUEST_URI=/
in D:\wamp\www\yii\study\protected\controllers\SiteController.php (69)
in D:\wamp\www\yii\study\protected\controllers\SiteController.php (31)
in D:\wamp\www\yii\study\index.php (13)
2015/09/04 14:51:36 [error] [php] Illegal offset type (D:\wamp\www\yii\study\protected\controllers\SiteController.php:69)
Stack trace:
#0 D:\wamp\www\yii\framework\web\CController.php(308): CInlineAction->runWithParams()
#1 D:\wamp\www\yii\framework\web\CController.php(286): SiteController->runAction()
#2 D:\wamp\www\yii\framework\web\CController.php(265): SiteController->runActionWithFilters()
#3 D:\wamp\www\yii\framework\web\CWebApplication.php(282): SiteController->run()
#4 D:\wamp\www\yii\framework\web\CWebApplication.php(141): CWebApplication->runController()
#5 D:\wamp\www\yii\framework\base\CApplication.php(184): CWebApplication->processRequest()
#6 D:\wamp\www\yii\study\index.php(13): CWebApplication->run()
REQUEST_URI=/
in D:\wamp\www\yii\study\protected\controllers\SiteController.php (69)
in D:\wamp\www\yii\study\protected\controllers\SiteController.php (31)
in D:\wamp\www\yii\study\index.php (13)
2015/09/04 14:51:36 [error] [php] Illegal offset type (D:\wamp\www\yii\study\protected\controllers\SiteController.php:69)
Stack trace:
#0 D:\wamp\www\yii\framework\web\CController.php(308): CInlineAction->runWithParams()
#1 D:\wamp\www\yii\framework\web\CController.php(286): SiteController->runAction()
#2 D:\wamp\www\yii\framework\web\CController.php(265): SiteController->runActionWithFilters()
#3 D:\wamp\www\yii\framework\web\CWebApplication.php(282): SiteController->run()
#4 D:\wamp\www\yii\framework\web\CWebApplication.php(141): CWebApplication->runController()
#5 D:\wamp\www\yii\framework\base\CApplication.php(184): CWebApplication->processRequest()
#6 D:\wamp\www\yii\study\index.php(13): CWebApplication->run()
REQUEST_URI=/
in D:\wamp\www\yii\study\protected\controllers\SiteController.php (69)
in D:\wamp\www\yii\study\protected\controllers\SiteController.php (31)
in D:\wamp\www\yii\study\index.php (13)
2015/09/04 14:51:36 [error] [php] Illegal offset type (D:\wamp\www\yii\study\protected\controllers\SiteController.php:69)
Stack trace:
#0 D:\wamp\www\yii\framework\web\CController.php(308): CInlineAction->runWithParams()
#1 D:\wamp\www\yii\framework\web\CController.php(286): SiteController->runAction()
#2 D:\wamp\www\yii\framework\web\CController.php(265): SiteController->runActionWithFilters()
#3 D:\wamp\www\yii\framework\web\CWebApplication.php(282): SiteController->run()
#4 D:\wamp\www\yii\framework\web\CWebApplication.php(141): CWebApplication->runController()
#5 D:\wamp\www\yii\framework\base\CApplication.php(184): CWebApplication->processRequest()
#6 D:\wamp\www\yii\study\index.php(13): CWebApplication->run()
REQUEST_URI=/
in D:\wamp\www\yii\study\protected\controllers\SiteController.php (69)
in D:\wamp\www\yii\study\protected\controllers\SiteController.php (31)
in D:\wamp\www\yii\study\index.php (13)
2015/09/04 14:51:37 [error] [php] Illegal offset type (D:\wamp\www\yii\study\protected\controllers\SiteController.php:69)
Stack trace:
#0 D:\wamp\www\yii\framework\web\CController.php(308): CInlineAction->runWithParams()
#1 D:\wamp\www\yii\framework\web\CController.php(286): SiteController->runAction()
#2 D:\wamp\www\yii\framework\web\CController.php(265): SiteController->runActionWithFilters()
#3 D:\wamp\www\yii\framework\web\CWebApplication.php(282): SiteController->run()
#4 D:\wamp\www\yii\framework\web\CWebApplication.php(141): CWebApplication->runController()
#5 D:\wamp\www\yii\framework\base\CApplication.php(184): CWebApplication->processRequest()
#6 D:\wamp\www\yii\study\index.php(13): CWebApplication->run()
REQUEST_URI=/
in D:\wamp\www\yii\study\protected\controllers\SiteController.php (69)
in D:\wamp\www\yii\study\protected\controllers\SiteController.php (31)
in D:\wamp\www\yii\study\index.php (13)
2015/09/04 14:51:37 [error] [php] Illegal offset type (D:\wamp\www\yii\study\protected\controllers\SiteController.php:69)
Stack trace:
#0 D:\wamp\www\yii\framework\web\CController.php(308): CInlineAction->runWithParams()
#1 D:\wamp\www\yii\framework\web\CController.php(286): SiteController->runAction()
#2 D:\wamp\www\yii\framework\web\CController.php(265): SiteController->runActionWithFilters()
#3 D:\wamp\www\yii\framework\web\CWebApplication.php(282): SiteController->run()
#4 D:\wamp\www\yii\framework\web\CWebApplication.php(141): CWebApplication->runController()
#5 D:\wamp\www\yii\framework\base\CApplication.php(184): CWebApplication->processRequest()
#6 D:\wamp\www\yii\study\index.php(13): CWebApplication->run()
REQUEST_URI=/
in D:\wamp\www\yii\study\protected\controllers\SiteController.php (69)
in D:\wamp\www\yii\study\protected\controllers\SiteController.php (31)
in D:\wamp\www\yii\study\index.php (13)
2015/09/04 14:51:37 [error] [php] Illegal offset type (D:\wamp\www\yii\study\protected\controllers\SiteController.php:69)
Stack trace:
#0 D:\wamp\www\yii\framework\web\CController.php(308): CInlineAction->runWithParams()
#1 D:\wamp\www\yii\framework\web\CController.php(286): SiteController->runAction()
#2 D:\wamp\www\yii\framework\web\CController.php(265): SiteController->runActionWithFilters()
#3 D:\wamp\www\yii\framework\web\CWebApplication.php(282): SiteController->run()
#4 D:\wamp\www\yii\framework\web\CWebApplication.php(141): CWebApplication->runController()
#5 D:\wamp\www\yii\framework\base\CApplication.php(184): CWebApplication->processRequest()
#6 D:\wamp\www\yii\study\index.php(13): CWebApplication->run()
REQUEST_URI=/
in D:\wamp\www\yii\study\protected\controllers\SiteController.php (69)
in D:\wamp\www\yii\study\protected\controllers\SiteController.php (31)
in D:\wamp\www\yii\study\index.php (13)
2015/09/04 14:52:08 [error] [php] Illegal offset type (D:\wamp\www\yii\study\protected\controllers\SiteController.php:69)
Stack trace:
#0 D:\wamp\www\yii\framework\web\CController.php(308): CInlineAction->runWithParams()
#1 D:\wamp\www\yii\framework\web\CController.php(286): SiteController->runAction()
#2 D:\wamp\www\yii\framework\web\CController.php(265): SiteController->runActionWithFilters()
#3 D:\wamp\www\yii\framework\web\CWebApplication.php(282): SiteController->run()
#4 D:\wamp\www\yii\framework\web\CWebApplication.php(141): CWebApplication->runController()
#5 D:\wamp\www\yii\framework\base\CApplication.php(184): CWebApplication->processRequest()
#6 D:\wamp\www\yii\study\index.php(13): CWebApplication->run()
REQUEST_URI=/
in D:\wamp\www\yii\study\protected\controllers\SiteController.php (69)
in D:\wamp\www\yii\study\protected\controllers\SiteController.php (31)
in D:\wamp\www\yii\study\index.php (13)
2015/09/04 14:52:08 [error] [php] Illegal offset type (D:\wamp\www\yii\study\protected\controllers\SiteController.php:69)
Stack trace:
#0 D:\wamp\www\yii\framework\web\CController.php(308): CInlineAction->runWithParams()
#1 D:\wamp\www\yii\framework\web\CController.php(286): SiteController->runAction()
#2 D:\wamp\www\yii\framework\web\CController.php(265): SiteController->runActionWithFilters()
#3 D:\wamp\www\yii\framework\web\CWebApplication.php(282): SiteController->run()
#4 D:\wamp\www\yii\framework\web\CWebApplication.php(141): CWebApplication->runController()
#5 D:\wamp\www\yii\framework\base\CApplication.php(184): CWebApplication->processRequest()
#6 D:\wamp\www\yii\study\index.php(13): CWebApplication->run()
REQUEST_URI=/
in D:\wamp\www\yii\study\protected\controllers\SiteController.php (69)
in D:\wamp\www\yii\study\protected\controllers\SiteController.php (31)
in D:\wamp\www\yii\study\index.php (13)
2015/09/04 14:52:09 [error] [php] Illegal offset type (D:\wamp\www\yii\study\protected\controllers\SiteController.php:69)
Stack trace:
#0 D:\wamp\www\yii\framework\web\CController.php(308): CInlineAction->runWithParams()
#1 D:\wamp\www\yii\framework\web\CController.php(286): SiteController->runAction()
#2 D:\wamp\www\yii\framework\web\CController.php(265): SiteController->runActionWithFilters()
#3 D:\wamp\www\yii\framework\web\CWebApplication.php(282): SiteController->run()
#4 D:\wamp\www\yii\framework\web\CWebApplication.php(141): CWebApplication->runController()
#5 D:\wamp\www\yii\framework\base\CApplication.php(184): CWebApplication->processRequest()
#6 D:\wamp\www\yii\study\index.php(13): CWebApplication->run()
REQUEST_URI=/
in D:\wamp\www\yii\study\protected\controllers\SiteController.php (69)
in D:\wamp\www\yii\study\protected\controllers\SiteController.php (31)
in D:\wamp\www\yii\study\index.php (13)
2015/09/04 14:52:33 [error] [php] Illegal offset type (D:\wamp\www\yii\study\protected\controllers\SiteController.php:69)
Stack trace:
#0 D:\wamp\www\yii\framework\web\CController.php(308): CInlineAction->runWithParams()
#1 D:\wamp\www\yii\framework\web\CController.php(286): SiteController->runAction()
#2 D:\wamp\www\yii\framework\web\CController.php(265): SiteController->runActionWithFilters()
#3 D:\wamp\www\yii\framework\web\CWebApplication.php(282): SiteController->run()
#4 D:\wamp\www\yii\framework\web\CWebApplication.php(141): CWebApplication->runController()
#5 D:\wamp\www\yii\framework\base\CApplication.php(184): CWebApplication->processRequest()
#6 D:\wamp\www\yii\study\index.php(13): CWebApplication->run()
REQUEST_URI=/
in D:\wamp\www\yii\study\protected\controllers\SiteController.php (69)
in D:\wamp\www\yii\study\protected\controllers\SiteController.php (31)
in D:\wamp\www\yii\study\index.php (13)
2015/09/04 14:52:33 [error] [php] Illegal offset type (D:\wamp\www\yii\study\protected\controllers\SiteController.php:69)
Stack trace:
#0 D:\wamp\www\yii\framework\web\CController.php(308): CInlineAction->runWithParams()
#1 D:\wamp\www\yii\framework\web\CController.php(286): SiteController->runAction()
#2 D:\wamp\www\yii\framework\web\CController.php(265): SiteController->runActionWithFilters()
#3 D:\wamp\www\yii\framework\web\CWebApplication.php(282): SiteController->run()
#4 D:\wamp\www\yii\framework\web\CWebApplication.php(141): CWebApplication->runController()
#5 D:\wamp\www\yii\framework\base\CApplication.php(184): CWebApplication->processRequest()
#6 D:\wamp\www\yii\study\index.php(13): CWebApplication->run()
REQUEST_URI=/
in D:\wamp\www\yii\study\protected\controllers\SiteController.php (69)
in D:\wamp\www\yii\study\protected\controllers\SiteController.php (31)
in D:\wamp\www\yii\study\index.php (13)
2015/09/04 14:52:34 [error] [php] Illegal offset type (D:\wamp\www\yii\study\protected\controllers\SiteController.php:69)
Stack trace:
#0 D:\wamp\www\yii\framework\web\CController.php(308): CInlineAction->runWithParams()
#1 D:\wamp\www\yii\framework\web\CController.php(286): SiteController->runAction()
#2 D:\wamp\www\yii\framework\web\CController.php(265): SiteController->runActionWithFilters()
#3 D:\wamp\www\yii\framework\web\CWebApplication.php(282): SiteController->run()
#4 D:\wamp\www\yii\framework\web\CWebApplication.php(141): CWebApplication->runController()
#5 D:\wamp\www\yii\framework\base\CApplication.php(184): CWebApplication->processRequest()
#6 D:\wamp\www\yii\study\index.php(13): CWebApplication->run()
REQUEST_URI=/
in D:\wamp\www\yii\study\protected\controllers\SiteController.php (69)
in D:\wamp\www\yii\study\protected\controllers\SiteController.php (31)
in D:\wamp\www\yii\study\index.php (13)
2015/09/04 14:52:34 [error] [php] Illegal offset type (D:\wamp\www\yii\study\protected\controllers\SiteController.php:69)
Stack trace:
#0 D:\wamp\www\yii\framework\web\CController.php(308): CInlineAction->runWithParams()
#1 D:\wamp\www\yii\framework\web\CController.php(286): SiteController->runAction()
#2 D:\wamp\www\yii\framework\web\CController.php(265): SiteController->runActionWithFilters()
#3 D:\wamp\www\yii\framework\web\CWebApplication.php(282): SiteController->run()
#4 D:\wamp\www\yii\framework\web\CWebApplication.php(141): CWebApplication->runController()
#5 D:\wamp\www\yii\framework\base\CApplication.php(184): CWebApplication->processRequest()
#6 D:\wamp\www\yii\study\index.php(13): CWebApplication->run()
REQUEST_URI=/
in D:\wamp\www\yii\study\protected\controllers\SiteController.php (69)
in D:\wamp\www\yii\study\protected\controllers\SiteController.php (31)
in D:\wamp\www\yii\study\index.php (13)
2015/09/04 14:52:48 [error] [php] Illegal offset type (D:\wamp\www\yii\study\protected\controllers\SiteController.php:69)
Stack trace:
#0 D:\wamp\www\yii\framework\web\CController.php(308): CInlineAction->runWithParams()
#1 D:\wamp\www\yii\framework\web\CController.php(286): SiteController->runAction()
#2 D:\wamp\www\yii\framework\web\CController.php(265): SiteController->runActionWithFilters()
#3 D:\wamp\www\yii\framework\web\CWebApplication.php(282): SiteController->run()
#4 D:\wamp\www\yii\framework\web\CWebApplication.php(141): CWebApplication->runController()
#5 D:\wamp\www\yii\framework\base\CApplication.php(184): CWebApplication->processRequest()
#6 D:\wamp\www\yii\study\index.php(13): CWebApplication->run()
REQUEST_URI=/
in D:\wamp\www\yii\study\protected\controllers\SiteController.php (69)
in D:\wamp\www\yii\study\protected\controllers\SiteController.php (31)
in D:\wamp\www\yii\study\index.php (13)
2015/09/04 14:52:49 [error] [php] Illegal offset type (D:\wamp\www\yii\study\protected\controllers\SiteController.php:69)
Stack trace:
#0 D:\wamp\www\yii\framework\web\CController.php(308): CInlineAction->runWithParams()
#1 D:\wamp\www\yii\framework\web\CController.php(286): SiteController->runAction()
#2 D:\wamp\www\yii\framework\web\CController.php(265): SiteController->runActionWithFilters()
#3 D:\wamp\www\yii\framework\web\CWebApplication.php(282): SiteController->run()
#4 D:\wamp\www\yii\framework\web\CWebApplication.php(141): CWebApplication->runController()
#5 D:\wamp\www\yii\framework\base\CApplication.php(184): CWebApplication->processRequest()
#6 D:\wamp\www\yii\study\index.php(13): CWebApplication->run()
REQUEST_URI=/
in D:\wamp\www\yii\study\protected\controllers\SiteController.php (69)
in D:\wamp\www\yii\study\protected\controllers\SiteController.php (31)
in D:\wamp\www\yii\study\index.php (13)
2015/09/04 14:52:49 [error] [php] Illegal offset type (D:\wamp\www\yii\study\protected\controllers\SiteController.php:69)
Stack trace:
#0 D:\wamp\www\yii\framework\web\CController.php(308): CInlineAction->runWithParams()
#1 D:\wamp\www\yii\framework\web\CController.php(286): SiteController->runAction()
#2 D:\wamp\www\yii\framework\web\CController.php(265): SiteController->runActionWithFilters()
#3 D:\wamp\www\yii\framework\web\CWebApplication.php(282): SiteController->run()
#4 D:\wamp\www\yii\framework\web\CWebApplication.php(141): CWebApplication->runController()
#5 D:\wamp\www\yii\framework\base\CApplication.php(184): CWebApplication->processRequest()
#6 D:\wamp\www\yii\study\index.php(13): CWebApplication->run()
REQUEST_URI=/
in D:\wamp\www\yii\study\protected\controllers\SiteController.php (69)
in D:\wamp\www\yii\study\protected\controllers\SiteController.php (31)
in D:\wamp\www\yii\study\index.php (13)
2015/09/04 14:52:49 [error] [php] Illegal offset type (D:\wamp\www\yii\study\protected\controllers\SiteController.php:69)
Stack trace:
#0 D:\wamp\www\yii\framework\web\CController.php(308): CInlineAction->runWithParams()
#1 D:\wamp\www\yii\framework\web\CController.php(286): SiteController->runAction()
#2 D:\wamp\www\yii\framework\web\CController.php(265): SiteController->runActionWithFilters()
#3 D:\wamp\www\yii\framework\web\CWebApplication.php(282): SiteController->run()
#4 D:\wamp\www\yii\framework\web\CWebApplication.php(141): CWebApplication->runController()
#5 D:\wamp\www\yii\framework\base\CApplication.php(184): CWebApplication->processRequest()
#6 D:\wamp\www\yii\study\index.php(13): CWebApplication->run()
REQUEST_URI=/
in D:\wamp\www\yii\study\protected\controllers\SiteController.php (69)
in D:\wamp\www\yii\study\protected\controllers\SiteController.php (31)
in D:\wamp\www\yii\study\index.php (13)
2015/09/04 14:52:49 [error] [php] Illegal offset type (D:\wamp\www\yii\study\protected\controllers\SiteController.php:69)
Stack trace:
#0 D:\wamp\www\yii\framework\web\CController.php(308): CInlineAction->runWithParams()
#1 D:\wamp\www\yii\framework\web\CController.php(286): SiteController->runAction()
#2 D:\wamp\www\yii\framework\web\CController.php(265): SiteController->runActionWithFilters()
#3 D:\wamp\www\yii\framework\web\CWebApplication.php(282): SiteController->run()
#4 D:\wamp\www\yii\framework\web\CWebApplication.php(141): CWebApplication->runController()
#5 D:\wamp\www\yii\framework\base\CApplication.php(184): CWebApplication->processRequest()
#6 D:\wamp\www\yii\study\index.php(13): CWebApplication->run()
REQUEST_URI=/
in D:\wamp\www\yii\study\protected\controllers\SiteController.php (69)
in D:\wamp\www\yii\study\protected\controllers\SiteController.php (31)
in D:\wamp\www\yii\study\index.php (13)
2015/09/04 14:52:50 [error] [php] Illegal offset type (D:\wamp\www\yii\study\protected\controllers\SiteController.php:69)
Stack trace:
#0 D:\wamp\www\yii\framework\web\CController.php(308): CInlineAction->runWithParams()
#1 D:\wamp\www\yii\framework\web\CController.php(286): SiteController->runAction()
#2 D:\wamp\www\yii\framework\web\CController.php(265): SiteController->runActionWithFilters()
#3 D:\wamp\www\yii\framework\web\CWebApplication.php(282): SiteController->run()
#4 D:\wamp\www\yii\framework\web\CWebApplication.php(141): CWebApplication->runController()
#5 D:\wamp\www\yii\framework\base\CApplication.php(184): CWebApplication->processRequest()
#6 D:\wamp\www\yii\study\index.php(13): CWebApplication->run()
REQUEST_URI=/
in D:\wamp\www\yii\study\protected\controllers\SiteController.php (69)
in D:\wamp\www\yii\study\protected\controllers\SiteController.php (31)
in D:\wamp\www\yii\study\index.php (13)
2015/09/04 14:52:50 [error] [php] Illegal offset type (D:\wamp\www\yii\study\protected\controllers\SiteController.php:69)
Stack trace:
#0 D:\wamp\www\yii\framework\web\CController.php(308): CInlineAction->runWithParams()
#1 D:\wamp\www\yii\framework\web\CController.php(286): SiteController->runAction()
#2 D:\wamp\www\yii\framework\web\CController.php(265): SiteController->runActionWithFilters()
#3 D:\wamp\www\yii\framework\web\CWebApplication.php(282): SiteController->run()
#4 D:\wamp\www\yii\framework\web\CWebApplication.php(141): CWebApplication->runController()
#5 D:\wamp\www\yii\framework\base\CApplication.php(184): CWebApplication->processRequest()
#6 D:\wamp\www\yii\study\index.php(13): CWebApplication->run()
REQUEST_URI=/
in D:\wamp\www\yii\study\protected\controllers\SiteController.php (69)
in D:\wamp\www\yii\study\protected\controllers\SiteController.php (31)
in D:\wamp\www\yii\study\index.php (13)
2015/09/04 14:52:50 [error] [php] Illegal offset type (D:\wamp\www\yii\study\protected\controllers\SiteController.php:69)
Stack trace:
#0 D:\wamp\www\yii\framework\web\CController.php(308): CInlineAction->runWithParams()
#1 D:\wamp\www\yii\framework\web\CController.php(286): SiteController->runAction()
#2 D:\wamp\www\yii\framework\web\CController.php(265): SiteController->runActionWithFilters()
#3 D:\wamp\www\yii\framework\web\CWebApplication.php(282): SiteController->run()
#4 D:\wamp\www\yii\framework\web\CWebApplication.php(141): CWebApplication->runController()
#5 D:\wamp\www\yii\framework\base\CApplication.php(184): CWebApplication->processRequest()
#6 D:\wamp\www\yii\study\index.php(13): CWebApplication->run()
REQUEST_URI=/
in D:\wamp\www\yii\study\protected\controllers\SiteController.php (69)
in D:\wamp\www\yii\study\protected\controllers\SiteController.php (31)
in D:\wamp\www\yii\study\index.php (13)
2015/09/04 14:53:33 [error] [php] Undefined variable: m (D:\wamp\www\yii\study\protected\controllers\SiteController.php:71)
Stack trace:
#0 D:\wamp\www\yii\framework\web\CController.php(308): CInlineAction->runWithParams()
#1 D:\wamp\www\yii\framework\web\CController.php(286): SiteController->runAction()
#2 D:\wamp\www\yii\framework\web\CController.php(265): SiteController->runActionWithFilters()
#3 D:\wamp\www\yii\framework\web\CWebApplication.php(282): SiteController->run()
#4 D:\wamp\www\yii\framework\web\CWebApplication.php(141): CWebApplication->runController()
#5 D:\wamp\www\yii\framework\base\CApplication.php(184): CWebApplication->processRequest()
#6 D:\wamp\www\yii\study\index.php(13): CWebApplication->run()
REQUEST_URI=/
in D:\wamp\www\yii\study\protected\controllers\SiteController.php (71)
in D:\wamp\www\yii\study\protected\controllers\SiteController.php (31)
in D:\wamp\www\yii\study\index.php (13)
2015/09/04 14:53:34 [error] [php] Undefined variable: m (D:\wamp\www\yii\study\protected\controllers\SiteController.php:71)
Stack trace:
#0 D:\wamp\www\yii\framework\web\CController.php(308): CInlineAction->runWithParams()
#1 D:\wamp\www\yii\framework\web\CController.php(286): SiteController->runAction()
#2 D:\wamp\www\yii\framework\web\CController.php(265): SiteController->runActionWithFilters()
#3 D:\wamp\www\yii\framework\web\CWebApplication.php(282): SiteController->run()
#4 D:\wamp\www\yii\framework\web\CWebApplication.php(141): CWebApplication->runController()
#5 D:\wamp\www\yii\framework\base\CApplication.php(184): CWebApplication->processRequest()
#6 D:\wamp\www\yii\study\index.php(13): CWebApplication->run()
REQUEST_URI=/
in D:\wamp\www\yii\study\protected\controllers\SiteController.php (71)
in D:\wamp\www\yii\study\protected\controllers\SiteController.php (31)
in D:\wamp\www\yii\study\index.php (13)
2015/09/04 14:53:34 [error] [php] Undefined variable: m (D:\wamp\www\yii\study\protected\controllers\SiteController.php:71)
Stack trace:
#0 D:\wamp\www\yii\framework\web\CController.php(308): CInlineAction->runWithParams()
#1 D:\wamp\www\yii\framework\web\CController.php(286): SiteController->runAction()
#2 D:\wamp\www\yii\framework\web\CController.php(265): SiteController->runActionWithFilters()
#3 D:\wamp\www\yii\framework\web\CWebApplication.php(282): SiteController->run()
#4 D:\wamp\www\yii\framework\web\CWebApplication.php(141): CWebApplication->runController()
#5 D:\wamp\www\yii\framework\base\CApplication.php(184): CWebApplication->processRequest()
#6 D:\wamp\www\yii\study\index.php(13): CWebApplication->run()
REQUEST_URI=/
in D:\wamp\www\yii\study\protected\controllers\SiteController.php (71)
in D:\wamp\www\yii\study\protected\controllers\SiteController.php (31)
in D:\wamp\www\yii\study\index.php (13)
2015/09/05 06:57:50 [error] [php] mysql_connect(): Access denied for user 'root'@'localhost' (using password: YES) (D:\wamp\www\yii\study\protected\controllers\SiteController.php:85)
Stack trace:
#0 D:\wamp\www\yii\framework\web\actions\CInlineAction.php(49): SiteController->actionIndex()
#1 D:\wamp\www\yii\framework\web\CController.php(308): CInlineAction->runWithParams()
#2 D:\wamp\www\yii\framework\web\CController.php(286): SiteController->runAction()
#3 D:\wamp\www\yii\framework\web\CController.php(265): SiteController->runActionWithFilters()
#4 D:\wamp\www\yii\framework\web\CWebApplication.php(282): SiteController->run()
#5 D:\wamp\www\yii\framework\web\CWebApplication.php(141): CWebApplication->runController()
#6 D:\wamp\www\yii\framework\base\CApplication.php(184): CWebApplication->processRequest()
#7 D:\wamp\www\yii\study\index.php(13): CWebApplication->run()
REQUEST_URI=/
in D:\wamp\www\yii\study\protected\controllers\SiteController.php (85)
in D:\wamp\www\yii\study\protected\controllers\SiteController.php (32)
in D:\wamp\www\yii\study\index.php (13)
2015/09/05 06:57:51 [error] [php] mysql_connect(): Access denied for user 'root'@'localhost' (using password: YES) (D:\wamp\www\yii\study\protected\controllers\SiteController.php:85)
Stack trace:
#0 D:\wamp\www\yii\framework\web\actions\CInlineAction.php(49): SiteController->actionIndex()
#1 D:\wamp\www\yii\framework\web\CController.php(308): CInlineAction->runWithParams()
#2 D:\wamp\www\yii\framework\web\CController.php(286): SiteController->runAction()
#3 D:\wamp\www\yii\framework\web\CController.php(265): SiteController->runActionWithFilters()
#4 D:\wamp\www\yii\framework\web\CWebApplication.php(282): SiteController->run()
#5 D:\wamp\www\yii\framework\web\CWebApplication.php(141): CWebApplication->runController()
#6 D:\wamp\www\yii\framework\base\CApplication.php(184): CWebApplication->processRequest()
#7 D:\wamp\www\yii\study\index.php(13): CWebApplication->run()
REQUEST_URI=/
in D:\wamp\www\yii\study\protected\controllers\SiteController.php (85)
in D:\wamp\www\yii\study\protected\controllers\SiteController.php (32)
in D:\wamp\www\yii\study\index.php (13)
2015/09/05 06:57:51 [error] [php] mysql_connect(): Access denied for user 'root'@'localhost' (using password: YES) (D:\wamp\www\yii\study\protected\controllers\SiteController.php:85)
Stack trace:
#0 D:\wamp\www\yii\framework\web\actions\CInlineAction.php(49): SiteController->actionIndex()
#1 D:\wamp\www\yii\framework\web\CController.php(308): CInlineAction->runWithParams()
#2 D:\wamp\www\yii\framework\web\CController.php(286): SiteController->runAction()
#3 D:\wamp\www\yii\framework\web\CController.php(265): SiteController->runActionWithFilters()
#4 D:\wamp\www\yii\framework\web\CWebApplication.php(282): SiteController->run()
#5 D:\wamp\www\yii\framework\web\CWebApplication.php(141): CWebApplication->runController()
#6 D:\wamp\www\yii\framework\base\CApplication.php(184): CWebApplication->processRequest()
#7 D:\wamp\www\yii\study\index.php(13): CWebApplication->run()
REQUEST_URI=/
in D:\wamp\www\yii\study\protected\controllers\SiteController.php (85)
in D:\wamp\www\yii\study\protected\controllers\SiteController.php (32)
in D:\wamp\www\yii\study\index.php (13)
2015/09/05 08:00:24 [error] [php] Use of undefined constant pathinfo - assumed 'pathinfo' (D:\wamp\www\yii\study\protected\controllers\SiteController.php:97)
Stack trace:
#0 D:\wamp\www\yii\framework\web\CController.php(308): CInlineAction->runWithParams()
#1 D:\wamp\www\yii\framework\web\CController.php(286): SiteController->runAction()
#2 D:\wamp\www\yii\framework\web\CController.php(265): SiteController->runActionWithFilters()
#3 D:\wamp\www\yii\framework\web\CWebApplication.php(282): SiteController->run()
#4 D:\wamp\www\yii\framework\web\CWebApplication.php(141): CWebApplication->runController()
#5 D:\wamp\www\yii\framework\base\CApplication.php(184): CWebApplication->processRequest()
#6 D:\wamp\www\yii\study\index.php(13): CWebApplication->run()
REQUEST_URI=/
in D:\wamp\www\yii\study\protected\controllers\SiteController.php (97)
in D:\wamp\www\yii\study\protected\controllers\SiteController.php (32)
in D:\wamp\www\yii\study\index.php (13)
2015/09/05 08:00:54 [error] [php] Array to string conversion (D:\wamp\www\yii\study\protected\controllers\SiteController.php:97)
Stack trace:
#0 D:\wamp\www\yii\framework\web\CController.php(308): CInlineAction->runWithParams()
#1 D:\wamp\www\yii\framework\web\CController.php(286): SiteController->runAction()
#2 D:\wamp\www\yii\framework\web\CController.php(265): SiteController->runActionWithFilters()
#3 D:\wamp\www\yii\framework\web\CWebApplication.php(282): SiteController->run()
#4 D:\wamp\www\yii\framework\web\CWebApplication.php(141): CWebApplication->runController()
#5 D:\wamp\www\yii\framework\base\CApplication.php(184): CWebApplication->processRequest()
#6 D:\wamp\www\yii\study\index.php(13): CWebApplication->run()
REQUEST_URI=/
in D:\wamp\www\yii\study\protected\controllers\SiteController.php (97)
in D:\wamp\www\yii\study\protected\controllers\SiteController.php (32)
in D:\wamp\www\yii\study\index.php (13)
2015/10/12 01:47:34 [error] [exception.RedisException] exception 'RedisException' with message 'Redis server went away' in D:\wamp\www\yii\study\protected\controllers\SiteController.php:33
Stack trace:
#0 D:\wamp\www\yii\study\protected\controllers\SiteController.php(33): Redis->set('key1', 'Hello world')
#1 D:\wamp\www\yii\framework\web\actions\CInlineAction.php(49): SiteController->actionIndex()
#2 D:\wamp\www\yii\framework\web\CController.php(308): CInlineAction->runWithParams(Array)
#3 D:\wamp\www\yii\framework\web\CController.php(286): CController->runAction(Object(CInlineAction))
#4 D:\wamp\www\yii\framework\web\CController.php(265): CController->runActionWithFilters(Object(CInlineAction), Array)
#5 D:\wamp\www\yii\framework\web\CWebApplication.php(282): CController->run('')
#6 D:\wamp\www\yii\framework\web\CWebApplication.php(141): CWebApplication->runController('')
#7 D:\wamp\www\yii\framework\base\CApplication.php(184): CWebApplication->processRequest()
#8 D:\wamp\www\yii\study\index.php(13): CApplication->run()
#9 {main}
REQUEST_URI=/
---
2015/10/12 01:48:06 [error] [exception.RedisException] exception 'RedisException' with message 'Redis server went away' in D:\wamp\www\yii\study\protected\controllers\SiteController.php:33
Stack trace:
#0 D:\wamp\www\yii\study\protected\controllers\SiteController.php(33): Redis->set('key1', 'Hello world')
#1 D:\wamp\www\yii\framework\web\actions\CInlineAction.php(49): SiteController->actionIndex()
#2 D:\wamp\www\yii\framework\web\CController.php(308): CInlineAction->runWithParams(Array)
#3 D:\wamp\www\yii\framework\web\CController.php(286): CController->runAction(Object(CInlineAction))
#4 D:\wamp\www\yii\framework\web\CController.php(265): CController->runActionWithFilters(Object(CInlineAction), Array)
#5 D:\wamp\www\yii\framework\web\CWebApplication.php(282): CController->run('')
#6 D:\wamp\www\yii\framework\web\CWebApplication.php(141): CWebApplication->runController('')
#7 D:\wamp\www\yii\framework\base\CApplication.php(184): CWebApplication->processRequest()
#8 D:\wamp\www\yii\study\index.php(13): CApplication->run()
#9 {main}
REQUEST_URI=/
---
2015/10/12 01:48:16 [error] [exception.RedisException] exception 'RedisException' with message 'Redis server went away' in D:\wamp\www\yii\study\protected\controllers\SiteController.php:33
Stack trace:
#0 D:\wamp\www\yii\study\protected\controllers\SiteController.php(33): Redis->set('key1', 'Hello world')
#1 D:\wamp\www\yii\framework\web\actions\CInlineAction.php(49): SiteController->actionIndex()
#2 D:\wamp\www\yii\framework\web\CController.php(308): CInlineAction->runWithParams(Array)
#3 D:\wamp\www\yii\framework\web\CController.php(286): CController->runAction(Object(CInlineAction))
#4 D:\wamp\www\yii\framework\web\CController.php(265): CController->runActionWithFilters(Object(CInlineAction), Array)
#5 D:\wamp\www\yii\framework\web\CWebApplication.php(282): CController->run('')
#6 D:\wamp\www\yii\framework\web\CWebApplication.php(141): CWebApplication->runController('')
#7 D:\wamp\www\yii\framework\base\CApplication.php(184): CWebApplication->processRequest()
#8 D:\wamp\www\yii\study\index.php(13): CApplication->run()
#9 {main}
REQUEST_URI=/
---
2015/10/12 02:13:38 [error] [exception.RedisException] exception 'RedisException' with message 'Redis server went away' in D:\wamp\www\yii\study\protected\controllers\SiteController.php:33
Stack trace:
#0 D:\wamp\www\yii\study\protected\controllers\SiteController.php(33): Redis->set('key1', 'Hello world')
#1 D:\wamp\www\yii\framework\web\actions\CInlineAction.php(49): SiteController->actionIndex()
#2 D:\wamp\www\yii\framework\web\CController.php(308): CInlineAction->runWithParams(Array)
#3 D:\wamp\www\yii\framework\web\CController.php(286): CController->runAction(Object(CInlineAction))
#4 D:\wamp\www\yii\framework\web\CController.php(265): CController->runActionWithFilters(Object(CInlineAction), Array)
#5 D:\wamp\www\yii\framework\web\CWebApplication.php(282): CController->run('')
#6 D:\wamp\www\yii\framework\web\CWebApplication.php(141): CWebApplication->runController('')
#7 D:\wamp\www\yii\framework\base\CApplication.php(184): CWebApplication->processRequest()
#8 D:\wamp\www\yii\study\index.php(13): CApplication->run()
#9 {main}
REQUEST_URI=/
---
